[info]-[2025/02/26 13:48:33] #################### Start Restore Job ####################
[info]-[2025/02/26 13:48:33] System Info
[INFO_SUB]-[2025/02/26 13:48:33] - WP Staging Version: 4.1.1
[INFO_SUB]-[2025/02/26 13:48:33] - PHP Version: 8.3.14
[INFO_SUB]-[2025/02/26 13:48:33] - Server: Apache/2.4.62 (Unix) OpenSSL/1.1.1w mod_fastcgi/mod_fastcgi-SNAP-0910052141
[INFO_SUB]-[2025/02/26 13:48:33] - MySQL: 8.0.40
[INFO_SUB]-[2025/02/26 13:48:33] - WP Version: 6.7.1
[INFO_SUB]-[2025/02/26 13:48:33] - Host: General
[INFO_SUB]-[2025/02/26 13:48:33] - PHP Memory Limit: 134217728
[INFO_SUB]-[2025/02/26 13:48:33] - WP Memory Limit: 41943040
[INFO_SUB]-[2025/02/26 13:48:33] - PHP Max Execution Time: 30
[info]-[2025/02/26 13:48:33] Activated Plugins
[INFO_SUB]-[2025/02/26 13:48:33] - WP STAGING WordPress Backup Plugin - Backup Duplicator &amp; Migration : 4.1.1
[info]-[2025/02/26 13:48:33] Inactive Plugins
[INFO_SUB]-[2025/02/26 13:48:33] - Akismet Anti-spam: Spam Protection : 5.3.5
[INFO_SUB]-[2025/02/26 13:48:33] - Elementor : 3.27.5
[INFO_SUB]-[2025/02/26 13:48:33] - Everest Forms : 3.0.9.4
[INFO_SUB]-[2025/02/26 13:48:33] - Flamingo : 2.5
[INFO_SUB]-[2025/02/26 13:48:33] - Forminator : 1.39.1
[INFO_SUB]-[2025/02/26 13:48:33] - Hello Dolly : 1.7.2
[INFO_SUB]-[2025/02/26 13:48:33] - Image Optimizer - Compress, Resize and Optimize Images : 1.6.5
[INFO_SUB]-[2025/02/26 13:48:33] - The Post Grid : 7.7.15
[INFO_SUB]-[2025/02/26 13:48:33] - Ultimate Member : 2.9.2
[INFO_SUB]-[2025/02/26 13:48:33] - WP User Frontend : 4.0.14
[info]-[2025/02/26 13:48:33] Activated Theme
[INFO_SUB]-[2025/02/26 13:48:33] - Astra : 4.8.12
[info]-[2025/02/26 13:48:33] Inactive Themes
[INFO_SUB]-[2025/02/26 13:48:33] - Hello Elementor : 3.3.0
[INFO_SUB]-[2025/02/26 13:48:33] - Twenty Twenty-Five : 1.0
[INFO_SUB]-[2025/02/26 13:48:33] - Twenty Twenty-Four : 1.3
[INFO_SUB]-[2025/02/26 13:48:33] - Twenty Twenty-Three : 1.6
[INFO]-[2025/02/26 13:48:33] Backup Format: v2
[info]-[2025/02/26 13:48:33] Is Same Site Restore: Yes
[info]-[2025/02/26 13:48:33] Restore Related Filters:
[INFO_SUB]-[2025/02/26 13:48:33] - Keep Existing Media: [not set]
[INFO_SUB]-[2025/02/26 13:48:33] - Keep Existing Plugins: [not set]
[INFO_SUB]-[2025/02/26 13:48:33] - Replace Existing Plugins: [not set]
[INFO_SUB]-[2025/02/26 13:48:33] - Keep Existing Themes: [not set]
[INFO_SUB]-[2025/02/26 13:48:33] - Replace Existing Themes: [not set]
[INFO_SUB]-[2025/02/26 13:48:33] - Keep Existing Mu-Plugins: [not set]
[INFO_SUB]-[2025/02/26 13:48:33] - Replace Existing Mu-Plugins: [not set]
[INFO_SUB]-[2025/02/26 13:48:33] - Replace Existing Languages: [not set]
[INFO_SUB]-[2025/02/26 13:48:33] - Keep Existing Other Files: [not set]
[INFO_SUB]-[2025/02/26 13:48:33] - Temporary Database Prefix: [not set]
[INFO_SUB]-[2025/02/26 13:48:33] - Exclude Backup Parts: [not set]
[INFO_SUB]-[2025/02/26 13:48:33] - Exclude Media During Cleanup: [not set]
[INFO_SUB]-[2025/02/26 13:48:33] - Exclude Plugins (Deprecated): [not set]
[INFO_SUB]-[2025/02/26 13:48:33] - Exclude Other Files (Deprecated): [not set]
[INFO_SUB]-[2025/02/26 13:48:33] - Exclude Files: [not set]
[info]-[2025/02/26 13:48:33] Cleaning Up Restore Files: Path "wp-content/wp-staging/tmp/restore/" successfully cleaned up.
[info]-[2025/02/26 13:48:34] Backup Requirements check passed...
[info]-[2025/02/26 13:48:35] Cleaning Existing Media (cleaned 26 items)
[info]-[2025/02/26 13:48:39] Extracted 8786/8786 files (50 MB/s)
[info]-[2025/02/26 13:48:39] Restored Media Library
[info]-[2025/02/26 13:48:39] Restoring Themes (processed 16 items)
[info]-[2025/02/26 13:48:40] Restoring Plugins (processed 31 items)
[info]-[2025/02/26 13:48:41] Restoring Language Files (processed 63 items)
[info]-[2025/02/26 13:48:42] Restoring Other Files in wp-content (processed 2 items)
[info]-[2025/02/26 13:48:42] Executed 1,317/1,317 queries (6,831 queries per second)
[info]-[2025/02/26 13:48:42] Preserved backup schedules in the database.
[info]-[2025/02/26 13:48:43] Found 26 tables to restore
[info]-[2025/02/26 13:48:43] Restored 7/26 tables
[info]-[2025/02/26 13:48:43] Restored 26/26 tables
[info]-[2025/02/26 06:48:44] Database restored successfully.
[info]-[2025/02/26 06:48:44] Restoring Mu-Plugins (processed 1 items)
[info]-[2025/02/26 06:48:45] Cleaning Up Restore Files: Path "wp-content/wp-staging/tmp/restore/" successfully cleaned up.
[info]-[2025/02/26 06:48:45] ################## FINISH ##################
