[info]-[2025/02/26 06:30:55] #################### Start Backup Job ####################
[info]-[2025/02/26 06:30:55] System Info
[INFO_SUB]-[2025/02/26 06:30:55] - WP Staging Version: 4.1.1
[INFO_SUB]-[2025/02/26 06:30:55] - PHP Version: 8.3.14
[INFO_SUB]-[2025/02/26 06:30:55] - Server: Apache/2.4.62 (Unix) OpenSSL/1.1.1w mod_fastcgi/mod_fastcgi-SNAP-0910052141
[INFO_SUB]-[2025/02/26 06:30:55] - MySQL: 8.0.40
[INFO_SUB]-[2025/02/26 06:30:55] - WP Version: 6.7.1
[INFO_SUB]-[2025/02/26 06:30:55] - Host: General
[INFO_SUB]-[2025/02/26 06:30:55] - PHP Memory Limit: 134217728
[INFO_SUB]-[2025/02/26 06:30:55] - WP Memory Limit: 41943040
[INFO_SUB]-[2025/02/26 06:30:55] - PHP Max Execution Time: 30
[info]-[2025/02/26 06:30:55] Activated Plugins
[INFO_SUB]-[2025/02/26 06:30:55] - WP STAGING WordPress Backup Plugin - Backup Duplicator &amp; Migration : 4.1.1
[info]-[2025/02/26 06:30:55] Inactive Plugins
[INFO_SUB]-[2025/02/26 06:30:55] - Akismet Anti-spam: Spam Protection : 5.3.5
[INFO_SUB]-[2025/02/26 06:30:55] - Elementor : 3.27.5
[INFO_SUB]-[2025/02/26 06:30:55] - Everest Forms : 3.0.9.4
[INFO_SUB]-[2025/02/26 06:30:55] - Flamingo : 2.5
[INFO_SUB]-[2025/02/26 06:30:55] - Forminator : 1.39.1
[INFO_SUB]-[2025/02/26 06:30:55] - Hello Dolly : 1.7.2
[INFO_SUB]-[2025/02/26 06:30:55] - Image Optimizer - Compress, Resize and Optimize Images : 1.6.5
[INFO_SUB]-[2025/02/26 06:30:55] - The Post Grid : 7.7.15
[INFO_SUB]-[2025/02/26 06:30:55] - Ultimate Member : 2.9.2
[INFO_SUB]-[2025/02/26 06:30:55] - WP User Frontend : 4.0.14
[info]-[2025/02/26 06:30:55] Activated Theme
[INFO_SUB]-[2025/02/26 06:30:55] - Hello Elementor : 3.3.0
[info]-[2025/02/26 06:30:55] Inactive Themes
[INFO_SUB]-[2025/02/26 06:30:55] - Astra : 4.8.12
[INFO_SUB]-[2025/02/26 06:30:55] - Twenty Twenty-Five : 1.0
[INFO_SUB]-[2025/02/26 06:30:55] - Twenty Twenty-Four : 1.3
[INFO_SUB]-[2025/02/26 06:30:55] - Twenty Twenty-Three : 1.6
[info]-[2025/02/26 06:30:55] Backup Settings
[INFO_SUB]-[2025/02/26 06:30:55] - Backup Media Library : True
[INFO_SUB]-[2025/02/26 06:30:55] - Backup Themes : True
[INFO_SUB]-[2025/02/26 06:30:55] - Backup Must-Use Plugins : True
[INFO_SUB]-[2025/02/26 06:30:55] - Backup Plugins : True
[INFO_SUB]-[2025/02/26 06:30:55] - Backup Other Files In wp-content : True
[INFO_SUB]-[2025/02/26 06:30:55] - Backup Other wp root folders : False
[INFO_SUB]-[2025/02/26 06:30:55] - Backup Database : True
[INFO_SUB]-[2025/02/26 06:30:55] - Add Exclusions : False
[INFO_SUB]-[2025/02/26 06:30:55] - Backup Run in Background : False
[INFO_SUB]-[2025/02/26 06:30:55] - Backup Validate : False
[INFO_SUB]-[2025/02/26 06:30:55] - Backup One Time : True
[INFO_SUB]-[2025/02/26 06:30:55] - Is Multipart Backup: No
[INFO_SUB]-[2025/02/26 06:30:55] - Storages : localStorage
[INFO_SUB]-[2025/02/26 06:30:55] - Backup Format: v2
[info]-[2025/02/26 06:30:55] Backup requirements passed...
[info]-[2025/02/26 06:30:55] Discovering Files: Skipped file "wp-content/debug.log/." Extension "log" is excluded by rule.
[info]-[2025/02/26 06:30:55] Discovering Files: Skipped directory "plugins/wp-staging/". Excluded by rule
