[info]-[2025/02/26 13:46:33] #################### Start Backup Job ####################
[info]-[2025/02/26 13:46:33] System Info
[INFO_SUB]-[2025/02/26 13:46:33] - WP Staging Version: 4.1.1
[INFO_SUB]-[2025/02/26 13:46:33] - PHP Version: 8.3.14
[INFO_SUB]-[2025/02/26 13:46:33] - Server: Apache/2.4.62 (Unix) OpenSSL/1.1.1w mod_fastcgi/mod_fastcgi-SNAP-0910052141
[INFO_SUB]-[2025/02/26 13:46:33] - MySQL: 8.0.40
[INFO_SUB]-[2025/02/26 13:46:33] - WP Version: 6.7.1
[INFO_SUB]-[2025/02/26 13:46:33] - Host: General
[INFO_SUB]-[2025/02/26 13:46:33] - PHP Memory Limit: 134217728
[INFO_SUB]-[2025/02/26 13:46:33] - WP Memory Limit: 41943040
[INFO_SUB]-[2025/02/26 13:46:33] - PHP Max Execution Time: 30
[info]-[2025/02/26 13:46:33] Activated Plugins
[INFO_SUB]-[2025/02/26 13:46:33] - WP STAGING WordPress Backup Plugin - Backup Duplicator &amp; Migration : 4.1.1
[info]-[2025/02/26 13:46:33] Inactive Plugins
[INFO_SUB]-[2025/02/26 13:46:33] - Akismet Anti-spam: Spam Protection : 5.3.5
[INFO_SUB]-[2025/02/26 13:46:33] - Elementor : 3.27.5
[INFO_SUB]-[2025/02/26 13:46:33] - Everest Forms : 3.0.9.4
[INFO_SUB]-[2025/02/26 13:46:33] - Flamingo : 2.5
[INFO_SUB]-[2025/02/26 13:46:33] - Forminator : 1.39.1
[INFO_SUB]-[2025/02/26 13:46:33] - Hello Dolly : 1.7.2
[INFO_SUB]-[2025/02/26 13:46:33] - Image Optimizer - Compress, Resize and Optimize Images : 1.6.5
[INFO_SUB]-[2025/02/26 13:46:33] - The Post Grid : 7.7.15
[INFO_SUB]-[2025/02/26 13:46:33] - Ultimate Member : 2.9.2
[INFO_SUB]-[2025/02/26 13:46:33] - WP User Frontend : 4.0.14
[info]-[2025/02/26 13:46:33] Activated Theme
[INFO_SUB]-[2025/02/26 13:46:33] - Astra : 4.8.12
[info]-[2025/02/26 13:46:33] Inactive Themes
[INFO_SUB]-[2025/02/26 13:46:33] - Hello Elementor : 3.3.0
[INFO_SUB]-[2025/02/26 13:46:33] - Twenty Twenty-Five : 1.0
[INFO_SUB]-[2025/02/26 13:46:33] - Twenty Twenty-Four : 1.3
[INFO_SUB]-[2025/02/26 13:46:33] - Twenty Twenty-Three : 1.6
[info]-[2025/02/26 13:46:33] Backup Settings
[INFO_SUB]-[2025/02/26 13:46:33] - Backup Media Library : True
[INFO_SUB]-[2025/02/26 13:46:33] - Backup Themes : True
[INFO_SUB]-[2025/02/26 13:46:33] - Backup Must-Use Plugins : True
[INFO_SUB]-[2025/02/26 13:46:33] - Backup Plugins : True
[INFO_SUB]-[2025/02/26 13:46:33] - Backup Other Files In wp-content : True
[INFO_SUB]-[2025/02/26 13:46:33] - Backup Other wp root folders : False
[INFO_SUB]-[2025/02/26 13:46:33] - Backup Database : True
[INFO_SUB]-[2025/02/26 13:46:33] - Add Exclusions : False
[INFO_SUB]-[2025/02/26 13:46:33] - Backup Run in Background : False
[INFO_SUB]-[2025/02/26 13:46:33] - Backup Validate : False
[INFO_SUB]-[2025/02/26 13:46:33] - Backup One Time : True
[INFO_SUB]-[2025/02/26 13:46:33] - Is Multipart Backup: No
[INFO_SUB]-[2025/02/26 13:46:33] - Storages : localStorage
[INFO_SUB]-[2025/02/26 13:46:33] - Backup Format: v2
[info]-[2025/02/26 13:46:33] Backup requirements passed...
[info]-[2025/02/26 13:46:34] Discovering Files: Skipped file "wp-content/debug.log/." Extension "log" is excluded by rule.
[info]-[2025/02/26 13:46:34] Discovering Files: Skipped directory "plugins/wp-staging/". Excluded by rule
[info]-[2025/02/26 13:46:35] Discovering Files: Skipped directory "uploads/wp-staging/". Excluded by rule
[info]-[2025/02/26 13:46:35] Finished discovering Files. (8785 files)
[info]-[2025/02/26 13:46:36] Added 63/63 otherfiles files to backup (92 MB/s)
[info]-[2025/02/26 13:46:39] Added 7467/7467 plugins files to backup (53 MB/s)
[info]-[2025/02/26 13:46:39] Added 0/0 muplugins files to backup (0 B/s)
[info]-[2025/02/26 13:46:40] Added 1239/1239 themes files to backup (67 MB/s)
[info]-[2025/02/26 13:46:40] Added 16/16 uploads files to backup (92 MB/s)
[info]-[2025/02/26 13:46:41] Backup database: Table wp_actionscheduler_actions. Rows: 4/4
[info]-[2025/02/26 13:46:41] Backup database: Table wp_actionscheduler_claims. Rows: 0/0
[info]-[2025/02/26 13:46:41] Backup database: Table wp_actionscheduler_groups. Rows: 2/2
[info]-[2025/02/26 13:46:41] Backup database: Table wp_actionscheduler_logs. Rows: 12/12
[info]-[2025/02/26 13:46:41] Backup database: Table wp_commentmeta. Rows: 0/0
[info]-[2025/02/26 13:46:41] Backup database: Table wp_comments. Rows: 1/1
[info]-[2025/02/26 13:46:41] Backup database: Table wp_e_events. Rows: 8/8
[info]-[2025/02/26 13:46:41] Backup database: Table wp_fifu_invalid_media_su. Rows: 0/0
[info]-[2025/02/26 13:46:41] Backup database: Table wp_fifu_meta_in. Rows: 0/0
[info]-[2025/02/26 13:46:41] Backup database: Table wp_fifu_meta_out. Rows: 0/0
[info]-[2025/02/26 13:46:41] Backup database: Table wp_fpsm_forms. Rows: 2/2
[info]-[2025/02/26 13:46:41] Backup database: Table wp_links. Rows: 0/0
[info]-[2025/02/26 13:46:41] Backup database: Table wp_options. Rows: 438/438
[info]-[2025/02/26 13:46:41] Backup database: Table wp_postmeta. Rows: 1,357/1,357
[info]-[2025/02/26 13:46:41] Backup database: Table wp_posts. Rows: 308/308
[info]-[2025/02/26 13:46:41] Backup database: Table wp_signups. Rows: 0/0
[info]-[2025/02/26 13:46:41] Backup database: Table wp_smush_dir_images. Rows: 0/0
[info]-[2025/02/26 13:46:41] Backup database: Table wp_term_relationships. Rows: 35/35
[info]-[2025/02/26 13:46:41] Backup database: Table wp_term_taxonomy. Rows: 11/11
[info]-[2025/02/26 13:46:41] Backup database: Table wp_termmeta. Rows: 0/0
[info]-[2025/02/26 13:46:41] Backup database: Table wp_terms. Rows: 11/11
[info]-[2025/02/26 13:46:41] Backup database: Table wp_um_metadata. Rows: 0/0
[info]-[2025/02/26 13:46:41] Backup database: Table wp_usermeta. Rows: 100/100
[info]-[2025/02/26 13:46:41] Backup database: Table wp_users. Rows: 4/4
[info]-[2025/02/26 13:46:41] Backup database: Table wp_wpuf_subscribers. Rows: 0/0
[info]-[2025/02/26 13:46:41] Backup database: Table wp_wpuf_transaction. Rows: 0/0
[info]-[2025/02/26 13:46:41] Included 3 MB/3 MB of Database Backup.
[info]-[2025/02/26 13:46:41] Successfully created backup file
[info]-[2025/02/26 13:46:42] The backup was signed successfully.
[info]-[2025/02/26 13:46:42] ################## FINISH ##################
