[info]-[2025/02/26 09:49:04] #################### Start Restore Job ####################
[info]-[2025/02/26 09:49:04] System Info
[INFO_SUB]-[2025/02/26 09:49:04] - WP Staging Version: 4.1.1
[INFO_SUB]-[2025/02/26 09:49:04] - PHP Version: 8.3.14
[INFO_SUB]-[2025/02/26 09:49:04] - Server: Apache/2.4.62 (Unix) OpenSSL/1.1.1w mod_fastcgi/mod_fastcgi-SNAP-0910052141
[INFO_SUB]-[2025/02/26 09:49:04] - MySQL: 8.0.40
[INFO_SUB]-[2025/02/26 09:49:04] - WP Version: 6.7.1
[INFO_SUB]-[2025/02/26 09:49:04] - Host: General
[INFO_SUB]-[2025/02/26 09:49:04] - PHP Memory Limit: 134217728
[INFO_SUB]-[2025/02/26 09:49:04] - WP Memory Limit: 41943040
[INFO_SUB]-[2025/02/26 09:49:04] - PHP Max Execution Time: 30
[info]-[2025/02/26 09:49:04] Activated Plugins
[INFO_SUB]-[2025/02/26 09:49:04] - WP STAGING WordPress Backup Plugin - Backup Duplicator &amp; Migration : 4.1.1
[info]-[2025/02/26 09:49:04] Inactive Plugins
[INFO_SUB]-[2025/02/26 09:49:04] - Akismet Anti-spam: Spam Protection : 5.3.5
[INFO_SUB]-[2025/02/26 09:49:04] - Elementor : 3.27.5
[INFO_SUB]-[2025/02/26 09:49:04] - Everest Forms : 3.0.9.4
[INFO_SUB]-[2025/02/26 09:49:04] - Flamingo : 2.5
[INFO_SUB]-[2025/02/26 09:49:04] - Forminator : 1.39.1
[INFO_SUB]-[2025/02/26 09:49:04] - Hello Dolly : 1.7.2
[INFO_SUB]-[2025/02/26 09:49:04] - Image Optimizer - Compress, Resize and Optimize Images : 1.6.5
[INFO_SUB]-[2025/02/26 09:49:04] - The Post Grid : 7.7.15
[INFO_SUB]-[2025/02/26 09:49:04] - Ultimate Member : 2.9.2
[INFO_SUB]-[2025/02/26 09:49:04] - WP User Frontend : 4.0.14
[info]-[2025/02/26 09:49:04] Activated Theme
[INFO_SUB]-[2025/02/26 09:49:04] - Hello Elementor : 3.3.0
[info]-[2025/02/26 09:49:04] Inactive Themes
[INFO_SUB]-[2025/02/26 09:49:04] - Astra : 4.8.12
[INFO_SUB]-[2025/02/26 09:49:04] - Twenty Twenty-Five : 1.0
[INFO_SUB]-[2025/02/26 09:49:04] - Twenty Twenty-Four : 1.3
[INFO_SUB]-[2025/02/26 09:49:04] - Twenty Twenty-Three : 1.6
[INFO]-[2025/02/26 09:49:04] Backup Format: v2
[info]-[2025/02/26 09:49:04] Is Same Site Restore: Yes
[info]-[2025/02/26 09:49:04] Restore Related Filters:
[INFO_SUB]-[2025/02/26 09:49:04] - Keep Existing Media: [not set]
[INFO_SUB]-[2025/02/26 09:49:04] - Keep Existing Plugins: [not set]
[INFO_SUB]-[2025/02/26 09:49:04] - Replace Existing Plugins: [not set]
[INFO_SUB]-[2025/02/26 09:49:04] - Keep Existing Themes: [not set]
[INFO_SUB]-[2025/02/26 09:49:04] - Replace Existing Themes: [not set]
[INFO_SUB]-[2025/02/26 09:49:04] - Keep Existing Mu-Plugins: [not set]
[INFO_SUB]-[2025/02/26 09:49:04] - Replace Existing Mu-Plugins: [not set]
[INFO_SUB]-[2025/02/26 09:49:04] - Replace Existing Languages: [not set]
[INFO_SUB]-[2025/02/26 09:49:04] - Keep Existing Other Files: [not set]
[INFO_SUB]-[2025/02/26 09:49:04] - Temporary Database Prefix: [not set]
[INFO_SUB]-[2025/02/26 09:49:04] - Exclude Backup Parts: [not set]
[INFO_SUB]-[2025/02/26 09:49:04] - Exclude Media During Cleanup: [not set]
[INFO_SUB]-[2025/02/26 09:49:04] - Exclude Plugins (Deprecated): [not set]
[INFO_SUB]-[2025/02/26 09:49:04] - Exclude Other Files (Deprecated): [not set]
[INFO_SUB]-[2025/02/26 09:49:04] - Exclude Files: [not set]
[info]-[2025/02/26 09:49:04] Cleaning Up Restore Files: Path "wp-content/wp-staging/tmp/restore/" successfully cleaned up.
[info]-[2025/02/26 09:49:05] Backup Requirements check passed...
[info]-[2025/02/26 09:49:05] Cleaning Existing Media (cleaned 51 items)
[info]-[2025/02/26 09:49:09] Extracted 8786/8786 files (52 MB/s)
[info]-[2025/02/26 09:49:09] Restored Media Library
[info]-[2025/02/26 09:49:10] Restoring Themes (processed 16 items)
[info]-[2025/02/26 09:49:11] Restoring Plugins (processed 31 items)
[info]-[2025/02/26 09:49:11] Restoring Language Files (processed 63 items)
[info]-[2025/02/26 09:49:11] Restoring Other Files in wp-content (processed 2 items)
[info]-[2025/02/26 09:49:12] Executed 1,345/1,345 queries (8,269 queries per second)
[info]-[2025/02/26 09:49:12] Preserved backup schedules in the database.
[info]-[2025/02/26 09:49:13] Found 16 tables to restore
[info]-[2025/02/26 09:49:13] Restored 1/16 tables
[info]-[2025/02/26 09:49:14] Restored 16/16 tables
[info]-[2025/02/26 09:49:15] Database restored successfully.
[info]-[2025/02/26 09:49:16] Restoring Mu-Plugins (processed 1 items)
[info]-[2025/02/26 09:49:16] Cleaning Up Restore Files: Path "wp-content/wp-staging/tmp/restore/" successfully cleaned up.
[info]-[2025/02/26 09:49:16] ################## FINISH ##################
