[info]-[2025/02/26 06:22:56] #################### Start Backup Job ####################
[info]-[2025/02/26 06:22:56] System Info
[INFO_SUB]-[2025/02/26 06:22:56] - WP Staging Version: 4.1.1
[INFO_SUB]-[2025/02/26 06:22:56] - PHP Version: 8.3.14
[INFO_SUB]-[2025/02/26 06:22:56] - Server: Apache/2.4.62 (Unix) OpenSSL/1.1.1w mod_fastcgi/mod_fastcgi-SNAP-0910052141
[INFO_SUB]-[2025/02/26 06:22:56] - MySQL: 8.0.40
[INFO_SUB]-[2025/02/26 06:22:56] - WP Version: 6.7.1
[INFO_SUB]-[2025/02/26 06:22:56] - Host: General
[INFO_SUB]-[2025/02/26 06:22:56] - PHP Memory Limit: 134217728
[INFO_SUB]-[2025/02/26 06:22:56] - WP Memory Limit: 41943040
[INFO_SUB]-[2025/02/26 06:22:56] - PHP Max Execution Time: 30
[info]-[2025/02/26 06:22:56] Activated Plugins
[INFO_SUB]-[2025/02/26 06:22:56] - WP STAGING WordPress Backup Plugin - Backup Duplicator &amp; Migration : 4.1.1
[info]-[2025/02/26 06:22:56] Inactive Plugins
[INFO_SUB]-[2025/02/26 06:22:56] - Akismet Anti-spam: Spam Protection : 5.3.5
[INFO_SUB]-[2025/02/26 06:22:56] - Elementor : 3.27.5
[INFO_SUB]-[2025/02/26 06:22:56] - Everest Forms : 3.0.9.4
[INFO_SUB]-[2025/02/26 06:22:56] - Flamingo : 2.5
[INFO_SUB]-[2025/02/26 06:22:56] - Forminator : 1.39.1
[INFO_SUB]-[2025/02/26 06:22:56] - Hello Dolly : 1.7.2
[INFO_SUB]-[2025/02/26 06:22:56] - Image Optimizer - Compress, Resize and Optimize Images : 1.6.5
[INFO_SUB]-[2025/02/26 06:22:56] - The Post Grid : 7.7.15
[INFO_SUB]-[2025/02/26 06:22:56] - Ultimate Member : 2.9.2
[INFO_SUB]-[2025/02/26 06:22:56] - WP User Frontend : 4.0.14
[info]-[2025/02/26 06:22:56] Activated Theme
[INFO_SUB]-[2025/02/26 06:22:56] - Hello Elementor : 3.3.0
[info]-[2025/02/26 06:22:56] Inactive Themes
[INFO_SUB]-[2025/02/26 06:22:56] - Astra : 4.8.12
[INFO_SUB]-[2025/02/26 06:22:56] - Twenty Twenty-Five : 1.0
[INFO_SUB]-[2025/02/26 06:22:56] - Twenty Twenty-Four : 1.3
[INFO_SUB]-[2025/02/26 06:22:56] - Twenty Twenty-Three : 1.6
[info]-[2025/02/26 06:22:56] Backup Settings
[INFO_SUB]-[2025/02/26 06:22:56] - Backup Media Library : True
[INFO_SUB]-[2025/02/26 06:22:56] - Backup Themes : True
[INFO_SUB]-[2025/02/26 06:22:56] - Backup Must-Use Plugins : True
[INFO_SUB]-[2025/02/26 06:22:56] - Backup Plugins : True
[INFO_SUB]-[2025/02/26 06:22:56] - Backup Other Files In wp-content : True
[INFO_SUB]-[2025/02/26 06:22:56] - Backup Other wp root folders : False
[INFO_SUB]-[2025/02/26 06:22:56] - Backup Database : True
[INFO_SUB]-[2025/02/26 06:22:56] - Add Exclusions : False
[INFO_SUB]-[2025/02/26 06:22:56] - Backup Run in Background : False
[INFO_SUB]-[2025/02/26 06:22:56] - Backup Validate : False
[INFO_SUB]-[2025/02/26 06:22:56] - Backup One Time : True
[INFO_SUB]-[2025/02/26 06:22:56] - Is Multipart Backup: No
[INFO_SUB]-[2025/02/26 06:22:56] - Storages : localStorage
[INFO_SUB]-[2025/02/26 06:22:56] - Backup Format: v2
[info]-[2025/02/26 06:22:56] Backup requirements passed...
[info]-[2025/02/26 06:22:57] Discovering Files: Skipped file "wp-content/debug.log/." Extension "log" is excluded by rule.
[info]-[2025/02/26 06:22:57] Discovering Files: Skipped directory "plugins/wp-staging/". Excluded by rule
[info]-[2025/02/26 06:22:58] Discovering Files: Skipped directory "uploads/wp-staging/". Excluded by rule
[info]-[2025/02/26 06:22:59] Finished discovering Files. (8785 files)
[info]-[2025/02/26 06:22:59] Added 63/63 otherfiles files to backup (76 MB/s)
[info]-[2025/02/26 06:23:02] Added 7467/7467 plugins files to backup (51 MB/s)
[info]-[2025/02/26 06:23:03] Added 0/0 muplugins files to backup (0 B/s)
[info]-[2025/02/26 06:23:03] Added 1239/1239 themes files to backup (67 MB/s)
[info]-[2025/02/26 06:23:04] Added 16/16 uploads files to backup (122 MB/s)
[info]-[2025/02/26 06:23:04] Backup database: Table wp_commentmeta. Rows: 0/0
[info]-[2025/02/26 06:23:04] Backup database: Table wp_comments. Rows: 1/1
[info]-[2025/02/26 06:23:04] Backup database: Table wp_e_events. Rows: 8/8
[info]-[2025/02/26 06:23:04] Backup database: Table wp_links. Rows: 0/0
[info]-[2025/02/26 06:23:04] Backup database: Table wp_options. Rows: 359/359
[info]-[2025/02/26 06:23:04] Backup database: Table wp_postmeta. Rows: 695/695
[info]-[2025/02/26 06:23:04] Backup database: Table wp_posts. Rows: 152/152
[info]-[2025/02/26 06:23:04] Backup database: Table wp_signups. Rows: 0/0
[info]-[2025/02/26 06:23:04] Backup database: Table wp_term_relationships. Rows: 10/10
[info]-[2025/02/26 06:23:04] Backup database: Table wp_term_taxonomy. Rows: 4/4
[info]-[2025/02/26 06:23:04] Backup database: Table wp_termmeta. Rows: 0/0
[info]-[2025/02/26 06:23:04] Backup database: Table wp_terms. Rows: 4/4
[info]-[2025/02/26 06:23:04] Backup database: Table wp_um_metadata. Rows: 0/0
[info]-[2025/02/26 06:23:04] Backup database: Table wp_usermeta. Rows: 119/119
[info]-[2025/02/26 06:23:04] Backup database: Table wp_users. Rows: 5/5
[info]-[2025/02/26 06:23:04] Backup database: Table wp_wp_phpmyadmin_extension__errors_log. Rows: 0/0
[info]-[2025/02/26 06:23:05] Included 2 MB/2 MB of Database Backup.
[info]-[2025/02/26 06:23:05] Successfully created backup file
[info]-[2025/02/26 06:23:05] The backup was signed successfully.
[info]-[2025/02/26 06:23:05] ################## FINISH ##################
