[info]-[2025/02/26 06:34:50] #################### Start Restore Job ####################
[info]-[2025/02/26 06:34:50] System Info
[INFO_SUB]-[2025/02/26 06:34:50] - WP Staging Version: 4.1.1
[INFO_SUB]-[2025/02/26 06:34:50] - PHP Version: 8.3.14
[INFO_SUB]-[2025/02/26 06:34:50] - Server: Apache/2.4.62 (Unix) OpenSSL/1.1.1w mod_fastcgi/mod_fastcgi-SNAP-0910052141
[INFO_SUB]-[2025/02/26 06:34:50] - MySQL: 8.0.40
[INFO_SUB]-[2025/02/26 06:34:50] - WP Version: 6.7.1
[INFO_SUB]-[2025/02/26 06:34:50] - Host: General
[INFO_SUB]-[2025/02/26 06:34:50] - PHP Memory Limit: 134217728
[INFO_SUB]-[2025/02/26 06:34:50] - WP Memory Limit: 41943040
[INFO_SUB]-[2025/02/26 06:34:50] - PHP Max Execution Time: 30
[info]-[2025/02/26 06:34:50] Activated Plugins
[INFO_SUB]-[2025/02/26 06:34:50] - WP STAGING WordPress Backup Plugin - Backup Duplicator &amp; Migration : 4.1.1
[info]-[2025/02/26 06:34:50] Inactive Plugins
[INFO_SUB]-[2025/02/26 06:34:50] - Akismet Anti-spam: Spam Protection : 5.3.5
[INFO_SUB]-[2025/02/26 06:34:50] - Elementor : 3.27.5
[INFO_SUB]-[2025/02/26 06:34:50] - Everest Forms : 3.0.9.4
[INFO_SUB]-[2025/02/26 06:34:50] - Flamingo : 2.5
[INFO_SUB]-[2025/02/26 06:34:50] - Forminator : 1.39.1
[INFO_SUB]-[2025/02/26 06:34:50] - Hello Dolly : 1.7.2
[INFO_SUB]-[2025/02/26 06:34:50] - Image Optimizer - Compress, Resize and Optimize Images : 1.6.5
[INFO_SUB]-[2025/02/26 06:34:50] - The Post Grid : 7.7.15
[INFO_SUB]-[2025/02/26 06:34:50] - Ultimate Member : 2.9.2
[INFO_SUB]-[2025/02/26 06:34:50] - WP User Frontend : 4.0.14
[info]-[2025/02/26 06:34:50] Activated Theme
[INFO_SUB]-[2025/02/26 06:34:50] - Hello Elementor : 3.3.0
[info]-[2025/02/26 06:34:50] Inactive Themes
[INFO_SUB]-[2025/02/26 06:34:50] - Astra : 4.8.12
[INFO_SUB]-[2025/02/26 06:34:50] - Twenty Twenty-Five : 1.0
[INFO_SUB]-[2025/02/26 06:34:50] - Twenty Twenty-Four : 1.3
[INFO_SUB]-[2025/02/26 06:34:50] - Twenty Twenty-Three : 1.6
[INFO]-[2025/02/26 06:34:50] Backup Format: v2
[info]-[2025/02/26 06:34:50] Is Same Site Restore: Yes
[info]-[2025/02/26 06:34:50] Restore Related Filters:
[INFO_SUB]-[2025/02/26 06:34:50] - Keep Existing Media: [not set]
[INFO_SUB]-[2025/02/26 06:34:50] - Keep Existing Plugins: [not set]
[INFO_SUB]-[2025/02/26 06:34:50] - Replace Existing Plugins: [not set]
[INFO_SUB]-[2025/02/26 06:34:50] - Keep Existing Themes: [not set]
[INFO_SUB]-[2025/02/26 06:34:50] - Replace Existing Themes: [not set]
[INFO_SUB]-[2025/02/26 06:34:50] - Keep Existing Mu-Plugins: [not set]
[INFO_SUB]-[2025/02/26 06:34:50] - Replace Existing Mu-Plugins: [not set]
[INFO_SUB]-[2025/02/26 06:34:50] - Replace Existing Languages: [not set]
[INFO_SUB]-[2025/02/26 06:34:50] - Keep Existing Other Files: [not set]
[INFO_SUB]-[2025/02/26 06:34:50] - Temporary Database Prefix: [not set]
[INFO_SUB]-[2025/02/26 06:34:50] - Exclude Backup Parts: [not set]
[INFO_SUB]-[2025/02/26 06:34:50] - Exclude Media During Cleanup: [not set]
[INFO_SUB]-[2025/02/26 06:34:50] - Exclude Plugins (Deprecated): [not set]
[INFO_SUB]-[2025/02/26 06:34:50] - Exclude Other Files (Deprecated): [not set]
[INFO_SUB]-[2025/02/26 06:34:50] - Exclude Files: [not set]
[info]-[2025/02/26 06:34:50] Cleaning Up Restore Files: Path "wp-content/wp-staging/tmp/restore/" successfully cleaned up.
[info]-[2025/02/26 06:34:51] Backup Requirements check passed...
[info]-[2025/02/26 06:34:52] Cleaning Existing Media (cleaned 50 items)
[info]-[2025/02/26 06:34:56] Extracted 8786/8786 files (52 MB/s)
[info]-[2025/02/26 06:34:56] Restored Media Library
[info]-[2025/02/26 06:34:56] Restoring Themes (processed 16 items)
[info]-[2025/02/26 06:34:57] Restoring Plugins (processed 31 items)
[info]-[2025/02/26 06:34:58] Restoring Language Files (processed 63 items)
[info]-[2025/02/26 06:34:58] Restoring Other Files in wp-content (processed 2 items)
[info]-[2025/02/26 06:34:59] Executed 1,317/1,317 queries (6,963 queries per second)
[info]-[2025/02/26 06:34:59] Preserved backup schedules in the database.
[info]-[2025/02/26 06:34:59] Found 26 tables to restore
[info]-[2025/02/26 06:34:59] Restored 11/26 tables
[info]-[2025/02/26 06:35:00] Restored 26/26 tables
[info]-[2025/02/26 06:35:00] Database restored successfully.
[info]-[2025/02/26 06:35:01] Restoring Mu-Plugins (processed 1 items)
[info]-[2025/02/26 06:35:01] Cleaning Up Restore Files: Path "wp-content/wp-staging/tmp/restore/" successfully cleaned up.
[info]-[2025/02/26 06:35:01] ################## FINISH ##################
