[INFO]-[2025/02/26 06:19:35] #################### Start Cloning Job ####################
[info]-[2025/02/26 06:19:35] System Info
[INFO_SUB]-[2025/02/26 06:19:35] - WP Staging Version: 4.1.1
[INFO_SUB]-[2025/02/26 06:19:35] - PHP Version: 8.3.14
[INFO_SUB]-[2025/02/26 06:19:35] - Server: Apache/2.4.62 (Unix) OpenSSL/1.1.1w mod_fastcgi/mod_fastcgi-SNAP-0910052141
[INFO_SUB]-[2025/02/26 06:19:35] - MySQL: 8.0.40
[INFO_SUB]-[2025/02/26 06:19:35] - WP Version: 6.7.1
[INFO_SUB]-[2025/02/26 06:19:35] - Host: General
[INFO_SUB]-[2025/02/26 06:19:35] - PHP Memory Limit: 134217728
[INFO_SUB]-[2025/02/26 06:19:35] - WP Memory Limit: 41943040
[INFO_SUB]-[2025/02/26 06:19:35] - PHP Max Execution Time: 30
[info]-[2025/02/26 06:19:35] Activated Plugins
[INFO_SUB]-[2025/02/26 06:19:35] - WP STAGING WordPress Backup Plugin - Backup Duplicator &amp; Migration : 4.1.1
[info]-[2025/02/26 06:19:35] Inactive Plugins
[INFO_SUB]-[2025/02/26 06:19:35] - Akismet Anti-spam: Spam Protection : 5.3.5
[INFO_SUB]-[2025/02/26 06:19:35] - Elementor : 3.27.5
[INFO_SUB]-[2025/02/26 06:19:35] - Everest Forms : 3.0.9.4
[INFO_SUB]-[2025/02/26 06:19:35] - Flamingo : 2.5
[INFO_SUB]-[2025/02/26 06:19:35] - Forminator : 1.39.1
[INFO_SUB]-[2025/02/26 06:19:35] - Hello Dolly : 1.7.2
[INFO_SUB]-[2025/02/26 06:19:35] - Image Optimizer - Compress, Resize and Optimize Images : 1.6.5
[INFO_SUB]-[2025/02/26 06:19:35] - The Post Grid : 7.7.15
[INFO_SUB]-[2025/02/26 06:19:35] - Ultimate Member : 2.9.2
[INFO_SUB]-[2025/02/26 06:19:35] - WP User Frontend : 4.0.14
[info]-[2025/02/26 06:19:35] Activated Theme
[INFO_SUB]-[2025/02/26 06:19:35] - Hello Elementor : 3.3.0
[info]-[2025/02/26 06:19:35] Inactive Themes
[INFO_SUB]-[2025/02/26 06:19:35] - Astra : 4.8.12
[INFO_SUB]-[2025/02/26 06:19:35] - Twenty Twenty-Five : 1.0
[INFO_SUB]-[2025/02/26 06:19:35] - Twenty Twenty-Four : 1.3
[INFO_SUB]-[2025/02/26 06:19:35] - Twenty Twenty-Three : 1.6
[INFO]-[2025/02/26 06:19:35] Cloning Settings
[INFO_SUB]-[2025/02/26 06:19:35] Selected Tables : 16
[INFO_SUB]-[2025/02/26 06:19:35] - wp_commentmeta, wp_comments
[INFO_SUB]-[2025/02/26 06:19:35] - wp_e_events, wp_links
[INFO_SUB]-[2025/02/26 06:19:35] - wp_options, wp_postmeta
[INFO_SUB]-[2025/02/26 06:19:35] - wp_posts, wp_signups
[INFO_SUB]-[2025/02/26 06:19:35] - wp_term_relationships, wp_term_taxonomy
[INFO_SUB]-[2025/02/26 06:19:35] - wp_termmeta, wp_terms
[INFO_SUB]-[2025/02/26 06:19:35] - wp_um_metadata, wp_usermeta
[INFO_SUB]-[2025/02/26 06:19:35] - wp_users, wp_wp_phpmyadmin_extension__errors_log
[INFO]-[2025/02/26 06:19:35] Excluded Directories
[INFO_SUB]-[2025/02/26 06:19:35] - wpstg_c_cache
[INFO_SUB]-[2025/02/26 06:19:35] - wpstg_c_wp-staging
[INFO_SUB]-[2025/02/26 06:19:35] - wpstg_c_wp-staging
[INFO_SUB]-[2025/02/26 06:19:35] - wpstg_a_.git
[INFO]-[2025/02/26 06:19:35] Advanced Settings
[INFO_SUB]-[2025/02/26 06:19:35] - New Admin Account : False
[INFO_SUB]-[2025/02/26 06:19:35] - Email : Not Set
[INFO_SUB]-[2025/02/26 06:19:35] - Password : Not Set
[INFO_SUB]-[2025/02/26 06:19:35] - Database Server : localhost
[INFO_SUB]-[2025/02/26 06:19:35] - Database User : Not Set
[INFO_SUB]-[2025/02/26 06:19:35] - Database Password : Not Set
[INFO_SUB]-[2025/02/26 06:19:35] - Database : Not Set
[INFO_SUB]-[2025/02/26 06:19:35] - Database Prefix: Not Set
[INFO_SUB]-[2025/02/26 06:19:35] - Database SSL: False
[INFO_SUB]-[2025/02/26 06:19:35] - Clone Directory : /Applications/MAMP/htdocs/wordpress/excelsior/
[INFO_SUB]-[2025/02/26 06:19:35] - Clone Host : Not Set
[INFO_SUB]-[2025/02/26 06:19:35] - Symlink Uploads Folder : False
[INFO_SUB]-[2025/02/26 06:19:35] - Auto Update Plugins : False
[INFO_SUB]-[2025/02/26 06:19:35] - Disable WP_CRON : False
[INFO_SUB]-[2025/02/26 06:19:35] - Allow Emails Sending : True
[INFO]-[2025/02/26 06:19:35] Global Settings
[INFO_SUB]-[2025/02/26 06:19:35] - DB Query Limit : 10000
[INFO_SUB]-[2025/02/26 06:19:35] - DB Search &amp; Replace Limit : 20000
[INFO_SUB]-[2025/02/26 06:19:35] - File Copy Limit : 50
[INFO_SUB]-[2025/02/26 06:19:35] - Maximum File Size : 8
[INFO_SUB]-[2025/02/26 06:19:35] - File Copy Batch Size : 2
[INFO_SUB]-[2025/02/26 06:19:35] - Optimizer Active : True
[INFO]-[2025/02/26 06:19:36] DB Copy: Creating table wpstg0_commentmeta
[INFO]-[2025/02/26 06:19:36] DB Copy: Table wp_commentmeta contains 0 rows 
[INFO]-[2025/02/26 06:19:36] DB Copy: Creating table wpstg0_comments
[INFO]-[2025/02/26 06:19:36] DB Copy: Table wp_comments contains 1 rows 
[INFO]-[2025/02/26 06:19:36] DB Copy: Copy data from wp_comments to wpstg0_comments - 0 to 10000 records
[INFO]-[2025/02/26 06:19:36] DB Copy: Creating table wpstg0_e_events
[INFO]-[2025/02/26 06:19:36] DB Copy: Table wp_e_events contains 8 rows 
[INFO]-[2025/02/26 06:19:36] DB Copy: Copy data from wp_e_events to wpstg0_e_events - 0 to 10000 records
[INFO]-[2025/02/26 06:19:37] DB Copy: Creating table wpstg0_links
[INFO]-[2025/02/26 06:19:37] DB Copy: Table wp_links contains 0 rows 
[INFO]-[2025/02/26 06:19:37] DB Copy: Creating table wpstg0_options
[INFO]-[2025/02/26 06:19:37] DB Copy: Table wp_options contains 358 rows 
[INFO]-[2025/02/26 06:19:37] DB Copy: Copy data from wp_options to wpstg0_options - 0 to 10000 records
[INFO]-[2025/02/26 06:19:37] DB Copy: Creating table wpstg0_postmeta
[INFO]-[2025/02/26 06:19:37] DB Copy: Table wp_postmeta contains 695 rows 
[INFO]-[2025/02/26 06:19:37] DB Copy: Copy data from wp_postmeta to wpstg0_postmeta - 0 to 10000 records
[INFO]-[2025/02/26 06:19:37] DB Copy: Creating table wpstg0_posts
[INFO]-[2025/02/26 06:19:37] DB Copy: Table wp_posts contains 152 rows 
[INFO]-[2025/02/26 06:19:37] DB Copy: Copy data from wp_posts to wpstg0_posts - 0 to 10000 records
[INFO]-[2025/02/26 06:19:38] DB Copy: Creating table wpstg0_signups
[INFO]-[2025/02/26 06:19:38] DB Copy: Table wp_signups contains 0 rows 
[INFO]-[2025/02/26 06:19:38] DB Copy: Creating table wpstg0_term_relationships
[INFO]-[2025/02/26 06:19:38] DB Copy: Table wp_term_relationships contains 10 rows 
[INFO]-[2025/02/26 06:19:38] DB Copy: Copy data from wp_term_relationships to wpstg0_term_relationships - 0 to 10000 records
[INFO]-[2025/02/26 06:19:38] DB Copy: Creating table wpstg0_term_taxonomy
[INFO]-[2025/02/26 06:19:38] DB Copy: Table wp_term_taxonomy contains 4 rows 
[INFO]-[2025/02/26 06:19:38] DB Copy: Copy data from wp_term_taxonomy to wpstg0_term_taxonomy - 0 to 10000 records
[INFO]-[2025/02/26 06:19:39] DB Copy: Creating table wpstg0_termmeta
[INFO]-[2025/02/26 06:19:39] DB Copy: Table wp_termmeta contains 0 rows 
[INFO]-[2025/02/26 06:19:39] DB Copy: Creating table wpstg0_terms
[INFO]-[2025/02/26 06:19:39] DB Copy: Table wp_terms contains 4 rows 
[INFO]-[2025/02/26 06:19:39] DB Copy: Copy data from wp_terms to wpstg0_terms - 0 to 10000 records
[INFO]-[2025/02/26 06:19:39] DB Copy: Creating table wpstg0_um_metadata
[INFO]-[2025/02/26 06:19:39] DB Copy: Table wp_um_metadata contains 0 rows 
[INFO]-[2025/02/26 06:19:39] DB Copy: Creating table wpstg0_usermeta
[INFO]-[2025/02/26 06:19:39] DB Copy: Table wp_usermeta contains 119 rows 
[INFO]-[2025/02/26 06:19:39] DB Copy: Copy data from wp_usermeta to wpstg0_usermeta - 0 to 10000 records
[INFO]-[2025/02/26 06:19:40] DB Copy: Creating table wpstg0_users
[INFO]-[2025/02/26 06:19:40] DB Copy: Table wp_users contains 5 rows 
[INFO]-[2025/02/26 06:19:40] DB Copy: Copy data from wp_users to wpstg0_users - 0 to 10000 records
[INFO]-[2025/02/26 06:19:40] DB Copy: Creating table wpstg0_wp_phpmyadmin_extension__errors_log
[INFO]-[2025/02/26 06:19:40] DB Copy: Table wp_wp_phpmyadmin_extension__errors_log contains 0 rows 
[INFO]-[2025/02/26 06:19:41] DB Search &amp; Replace:  Table wpstg0_comments 0 to 20000 records
[INFO]-[2025/02/26 06:19:41] DB Search &amp; Replace:  Table wpstg0_e_events 0 to 20000 records
[INFO]-[2025/02/26 06:19:42] DB Search &amp; Replace:  Table wpstg0_options 0 to 20000 records
[INFO]-[2025/02/26 06:19:42] DB Search &amp; Replace:  Table wpstg0_postmeta 0 to 20000 records
[INFO]-[2025/02/26 06:19:43] DB Search &amp; Replace:  Table wpstg0_posts 0 to 20000 records
[INFO]-[2025/02/26 06:19:43] DB Search &amp; Replace:  Table wpstg0_term_relationships 0 to 20000 records
[INFO]-[2025/02/26 06:19:44] DB Search &amp; Replace:  Table wpstg0_term_taxonomy 0 to 20000 records
[INFO]-[2025/02/26 06:19:44] DB Search &amp; Replace:  Table wpstg0_terms 0 to 20000 records
[INFO]-[2025/02/26 06:19:45] DB Search &amp; Replace:  Table wpstg0_usermeta 0 to 20000 records
[INFO]-[2025/02/26 06:19:45] DB Search &amp; Replace:  Table wpstg0_users 0 to 20000 records
[INFO]-[2025/02/26 06:19:46] Scanning / and its files
[INFO]-[2025/02/26 06:19:46] Scanning wp-content/plugins/, its sub-directories and files
[INFO]-[2025/02/26 06:19:47] Scanning wp-content/mu-plugins/, its sub-directories and files
[INFO]-[2025/02/26 06:19:48] Scanning wp-content/themes/, its sub-directories and files
[INFO]-[2025/02/26 06:19:48] Scanning wp-content/uploads/, its sub-directories and files
[INFO]-[2025/02/26 06:19:48] Scanning wp-content/ for other directories and files
[INFO]-[2025/02/26 06:19:48] Scanning wp-includes/, its sub-directories and files
[INFO]-[2025/02/26 06:19:49] Scanning wp-admin/, its sub-directories and files
[INFO]-[2025/02/26 06:19:50] Copying files...
[INFO]-[2025/02/26 06:19:50] Total 50 files processed
[INFO]-[2025/02/26 06:19:50] Total 100 files processed
[INFO]-[2025/02/26 06:19:50] Total 150 files processed
[INFO]-[2025/02/26 06:19:51] Total 200 files processed
[INFO]-[2025/02/26 06:19:51] Total 250 files processed
[INFO]-[2025/02/26 06:19:51] Total 300 files processed
[INFO]-[2025/02/26 06:19:51] Total 350 files processed
[INFO]-[2025/02/26 06:19:52] Total 400 files processed
[INFO]-[2025/02/26 06:19:52] Total 450 files processed
[INFO]-[2025/02/26 06:19:52] Total 500 files processed
[INFO]-[2025/02/26 06:19:53] Total 550 files processed
[INFO]-[2025/02/26 06:19:53] Total 600 files processed
[INFO]-[2025/02/26 06:19:53] Total 650 files processed
[INFO]-[2025/02/26 06:19:54] Total 700 files processed
[INFO]-[2025/02/26 06:19:54] Total 750 files processed
[INFO]-[2025/02/26 06:19:54] Total 800 files processed
[INFO]-[2025/02/26 06:19:54] Total 850 files processed
[INFO]-[2025/02/26 06:19:55] Total 900 files processed
[INFO]-[2025/02/26 06:19:55] Total 950 files processed
[INFO]-[2025/02/26 06:19:55] Total 1000 files processed
[INFO]-[2025/02/26 06:19:56] Total 1050 files processed
[INFO]-[2025/02/26 06:19:56] Total 1100 files processed
[INFO]-[2025/02/26 06:19:56] Total 1150 files processed
[INFO]-[2025/02/26 06:19:56] Total 1200 files processed
[INFO]-[2025/02/26 06:19:57] Total 1250 files processed
[INFO]-[2025/02/26 06:19:57] Total 1300 files processed
[INFO]-[2025/02/26 06:19:57] Total 1350 files processed
[INFO]-[2025/02/26 06:19:58] Total 1400 files processed
[INFO]-[2025/02/26 06:19:58] Total 1450 files processed
[INFO]-[2025/02/26 06:19:58] Total 1500 files processed
[INFO]-[2025/02/26 06:19:59] Total 1550 files processed
[INFO]-[2025/02/26 06:19:59] Total 1600 files processed
[INFO]-[2025/02/26 06:19:59] Total 1650 files processed
[INFO]-[2025/02/26 06:20:00] Total 1700 files processed
[INFO]-[2025/02/26 06:20:00] Total 1750 files processed
[INFO]-[2025/02/26 06:20:00] Total 1800 files processed
[INFO]-[2025/02/26 06:20:01] Total 1850 files processed
[INFO]-[2025/02/26 06:20:01] Total 1900 files processed
[INFO]-[2025/02/26 06:20:01] Total 1950 files processed
[INFO]-[2025/02/26 06:20:02] Total 2000 files processed
[INFO]-[2025/02/26 06:20:02] Total 2050 files processed
[INFO]-[2025/02/26 06:20:02] Total 2100 files processed
[INFO]-[2025/02/26 06:20:03] Total 2150 files processed
[INFO]-[2025/02/26 06:20:03] Total 2200 files processed
[INFO]-[2025/02/26 06:20:03] Total 2250 files processed
[INFO]-[2025/02/26 06:20:03] Total 2300 files processed
[INFO]-[2025/02/26 06:20:04] Total 2350 files processed
[INFO]-[2025/02/26 06:20:04] Total 2400 files processed
[INFO]-[2025/02/26 06:20:04] Total 2450 files processed
[INFO]-[2025/02/26 06:20:05] Total 2500 files processed
[INFO]-[2025/02/26 06:20:05] Total 2550 files processed
[INFO]-[2025/02/26 06:20:05] Total 2600 files processed
[INFO]-[2025/02/26 06:20:05] Total 2650 files processed
[INFO]-[2025/02/26 06:20:06] Total 2700 files processed
[INFO]-[2025/02/26 06:20:06] Total 2750 files processed
[INFO]-[2025/02/26 06:20:06] Total 2800 files processed
[INFO]-[2025/02/26 06:20:07] Total 2850 files processed
[INFO]-[2025/02/26 06:20:07] Total 2900 files processed
[INFO]-[2025/02/26 06:20:07] Total 2950 files processed
[INFO]-[2025/02/26 06:20:08] Total 3000 files processed
[INFO]-[2025/02/26 06:20:08] Total 3050 files processed
[INFO]-[2025/02/26 06:20:08] Total 3100 files processed
[INFO]-[2025/02/26 06:20:08] Total 3150 files processed
[INFO]-[2025/02/26 06:20:09] Total 3200 files processed
[INFO]-[2025/02/26 06:20:09] Total 3250 files processed
[INFO]-[2025/02/26 06:20:09] Total 3300 files processed
[INFO]-[2025/02/26 06:20:10] Total 3350 files processed
[INFO]-[2025/02/26 06:20:10] Total 3400 files processed
[INFO]-[2025/02/26 06:20:10] Total 3450 files processed
[INFO]-[2025/02/26 06:20:10] Total 3500 files processed
[INFO]-[2025/02/26 06:20:11] Total 3550 files processed
[INFO]-[2025/02/26 06:20:11] Total 3600 files processed
[INFO]-[2025/02/26 06:20:11] Total 3650 files processed
[INFO]-[2025/02/26 06:20:12] Total 3700 files processed
[INFO]-[2025/02/26 06:20:12] Total 3750 files processed
[INFO]-[2025/02/26 06:20:12] Total 3800 files processed
[INFO]-[2025/02/26 06:20:13] Total 3850 files processed
[INFO]-[2025/02/26 06:20:13] Total 3900 files processed
[INFO]-[2025/02/26 06:20:13] Total 3950 files processed
[INFO]-[2025/02/26 06:20:14] Total 4000 files processed
[INFO]-[2025/02/26 06:20:14] Total 4050 files processed
[INFO]-[2025/02/26 06:20:14] Total 4100 files processed
[INFO]-[2025/02/26 06:20:14] Total 4150 files processed
[INFO]-[2025/02/26 06:20:15] Total 4200 files processed
[INFO]-[2025/02/26 06:20:15] Total 4250 files processed
[INFO]-[2025/02/26 06:20:15] Total 4300 files processed
[INFO]-[2025/02/26 06:20:16] Total 4350 files processed
[INFO]-[2025/02/26 06:20:16] Total 4400 files processed
[INFO]-[2025/02/26 06:20:16] Total 4450 files processed
[INFO]-[2025/02/26 06:20:17] Total 4500 files processed
[INFO]-[2025/02/26 06:20:17] Total 4550 files processed
[INFO]-[2025/02/26 06:20:17] Total 4600 files processed
[INFO]-[2025/02/26 06:20:17] Total 4650 files processed
[INFO]-[2025/02/26 06:20:18] Total 4700 files processed
[INFO]-[2025/02/26 06:20:18] Total 4750 files processed
[INFO]-[2025/02/26 06:20:18] Total 4800 files processed
[INFO]-[2025/02/26 06:20:19] Total 4850 files processed
[INFO]-[2025/02/26 06:20:19] Total 4900 files processed
[INFO]-[2025/02/26 06:20:19] Total 4950 files processed
[INFO]-[2025/02/26 06:20:20] Total 5000 files processed
[INFO]-[2025/02/26 06:20:20] Total 5050 files processed
[INFO]-[2025/02/26 06:20:20] Total 5100 files processed
[INFO]-[2025/02/26 06:20:20] Total 5150 files processed
[INFO]-[2025/02/26 06:20:21] Total 5200 files processed
[INFO]-[2025/02/26 06:20:21] Total 5250 files processed
[INFO]-[2025/02/26 06:20:21] Total 5300 files processed
[INFO]-[2025/02/26 06:20:22] Total 5350 files processed
[INFO]-[2025/02/26 06:20:22] Total 5400 files processed
[INFO]-[2025/02/26 06:20:22] Total 5450 files processed
[INFO]-[2025/02/26 06:20:23] Total 5500 files processed
[INFO]-[2025/02/26 06:20:23] Total 5550 files processed
[INFO]-[2025/02/26 06:20:23] Total 5600 files processed
[INFO]-[2025/02/26 06:20:24] Total 5650 files processed
[INFO]-[2025/02/26 06:20:24] Total 5700 files processed
[INFO]-[2025/02/26 06:20:24] Total 5750 files processed
[INFO]-[2025/02/26 06:20:25] Total 5800 files processed
[INFO]-[2025/02/26 06:20:25] Total 5850 files processed
[INFO]-[2025/02/26 06:20:25] Total 5900 files processed
[INFO]-[2025/02/26 06:20:25] Total 5950 files processed
[INFO]-[2025/02/26 06:20:26] Total 6000 files processed
[INFO]-[2025/02/26 06:20:26] Total 6050 files processed
[INFO]-[2025/02/26 06:20:26] Total 6100 files processed
[INFO]-[2025/02/26 06:20:27] Total 6150 files processed
[INFO]-[2025/02/26 06:20:27] Total 6200 files processed
[INFO]-[2025/02/26 06:20:27] Total 6250 files processed
[INFO]-[2025/02/26 06:20:28] Total 6300 files processed
[INFO]-[2025/02/26 06:20:28] Total 6350 files processed
[INFO]-[2025/02/26 06:20:28] Total 6400 files processed
[INFO]-[2025/02/26 06:20:28] Total 6450 files processed
[INFO]-[2025/02/26 06:20:29] Total 6500 files processed
[INFO]-[2025/02/26 06:20:29] Total 6550 files processed
[INFO]-[2025/02/26 06:20:29] Total 6600 files processed
[INFO]-[2025/02/26 06:20:30] Total 6650 files processed
[INFO]-[2025/02/26 06:20:30] Total 6700 files processed
[INFO]-[2025/02/26 06:20:30] Total 6750 files processed
[INFO]-[2025/02/26 06:20:31] Total 6800 files processed
[INFO]-[2025/02/26 06:20:31] Total 6850 files processed
[INFO]-[2025/02/26 06:20:31] Total 6900 files processed
[INFO]-[2025/02/26 06:20:31] Total 6950 files processed
[INFO]-[2025/02/26 06:20:32] Total 7000 files processed
[INFO]-[2025/02/26 06:20:32] Total 7050 files processed
[INFO]-[2025/02/26 06:20:32] Total 7100 files processed
[INFO]-[2025/02/26 06:20:33] Total 7150 files processed
[INFO]-[2025/02/26 06:20:33] Total 7200 files processed
[INFO]-[2025/02/26 06:20:33] Total 7250 files processed
[INFO]-[2025/02/26 06:20:33] Total 7300 files processed
[INFO]-[2025/02/26 06:20:34] Total 7350 files processed
[INFO]-[2025/02/26 06:20:34] Total 7400 files processed
[INFO]-[2025/02/26 06:20:34] Total 7450 files processed
[INFO]-[2025/02/26 06:20:35] Total 7500 files processed
[INFO]-[2025/02/26 06:20:35] Total 7550 files processed
[INFO]-[2025/02/26 06:20:35] Total 7600 files processed
[INFO]-[2025/02/26 06:20:35] Total 7650 files processed
[INFO]-[2025/02/26 06:20:36] Total 7700 files processed
[INFO]-[2025/02/26 06:20:36] Total 7750 files processed
[INFO]-[2025/02/26 06:20:36] Total 7800 files processed
[INFO]-[2025/02/26 06:20:37] Total 7850 files processed
[INFO]-[2025/02/26 06:20:37] Total 7900 files processed
[INFO]-[2025/02/26 06:20:37] Total 7950 files processed
[INFO]-[2025/02/26 06:20:38] Total 8000 files processed
[INFO]-[2025/02/26 06:20:38] Total 8050 files processed
[INFO]-[2025/02/26 06:20:38] Total 8100 files processed
[INFO]-[2025/02/26 06:20:39] Total 8150 files processed
[INFO]-[2025/02/26 06:20:39] Total 8200 files processed
[INFO]-[2025/02/26 06:20:39] Total 8250 files processed
[INFO]-[2025/02/26 06:20:40] Total 8300 files processed
[INFO]-[2025/02/26 06:20:40] Total 8350 files processed
[INFO]-[2025/02/26 06:20:40] Total 8400 files processed
[INFO]-[2025/02/26 06:20:40] Total 8450 files processed
[INFO]-[2025/02/26 06:20:41] Total 8500 files processed
[INFO]-[2025/02/26 06:20:41] Total 8550 files processed
[INFO]-[2025/02/26 06:20:41] Total 8600 files processed
[INFO]-[2025/02/26 06:20:42] Total 8650 files processed
[INFO]-[2025/02/26 06:20:42] Total 8700 files processed
[INFO]-[2025/02/26 06:20:42] Total 8750 files processed
[INFO]-[2025/02/26 06:20:43] Total 8800 files processed
[INFO]-[2025/02/26 06:20:43] Total 8850 files processed
[INFO]-[2025/02/26 06:20:43] Total 8900 files processed
[INFO]-[2025/02/26 06:20:44] Total 8950 files processed
[INFO]-[2025/02/26 06:20:44] Total 9000 files processed
[INFO]-[2025/02/26 06:20:44] Total 9050 files processed
[INFO]-[2025/02/26 06:20:44] Total 9100 files processed
[INFO]-[2025/02/26 06:20:45] Total 9150 files processed
[INFO]-[2025/02/26 06:20:45] Total 9200 files processed
[INFO]-[2025/02/26 06:20:45] Total 9250 files processed
[INFO]-[2025/02/26 06:20:46] Total 9300 files processed
[INFO]-[2025/02/26 06:20:46] Total 9350 files processed
[INFO]-[2025/02/26 06:20:46] Total 9400 files processed
[INFO]-[2025/02/26 06:20:47] Total 9450 files processed
[INFO]-[2025/02/26 06:20:47] Total 9500 files processed
[INFO]-[2025/02/26 06:20:47] Total 9550 files processed
[INFO]-[2025/02/26 06:20:48] Total 9600 files processed
[INFO]-[2025/02/26 06:20:48] Total 9650 files processed
[INFO]-[2025/02/26 06:20:48] Total 9700 files processed
[INFO]-[2025/02/26 06:20:49] Total 9750 files processed
[INFO]-[2025/02/26 06:20:49] Total 9800 files processed
[INFO]-[2025/02/26 06:20:49] Total 9850 files processed
[INFO]-[2025/02/26 06:20:50] Total 9900 files processed
[INFO]-[2025/02/26 06:20:50] Total 9950 files processed
[INFO]-[2025/02/26 06:20:50] Total 10000 files processed
[INFO]-[2025/02/26 06:20:50] Total 10050 files processed
[INFO]-[2025/02/26 06:20:51] Total 10100 files processed
[INFO]-[2025/02/26 06:20:51] Total 10150 files processed
[INFO]-[2025/02/26 06:20:51] Total 10200 files processed
[INFO]-[2025/02/26 06:20:52] Total 10250 files processed
[INFO]-[2025/02/26 06:20:52] Total 10300 files processed
[INFO]-[2025/02/26 06:20:52] Total 10350 files processed
[INFO]-[2025/02/26 06:20:53] Total 10400 files processed
[INFO]-[2025/02/26 06:20:53] Total 10450 files processed
[INFO]-[2025/02/26 06:20:53] Total 10500 files processed
[INFO]-[2025/02/26 06:20:54] Total 10550 files processed
[INFO]-[2025/02/26 06:20:54] Total 10600 files processed
[INFO]-[2025/02/26 06:20:54] Total 10650 files processed
[INFO]-[2025/02/26 06:20:55] Total 10700 files processed
[INFO]-[2025/02/26 06:20:55] Total 10750 files processed
[INFO]-[2025/02/26 06:20:55] Total 10800 files processed
[INFO]-[2025/02/26 06:20:56] Total 10850 files processed
[INFO]-[2025/02/26 06:20:56] Total 10900 files processed
[INFO]-[2025/02/26 06:20:56] Total 10950 files processed
[INFO]-[2025/02/26 06:20:56] Total 11000 files processed
[INFO]-[2025/02/26 06:20:57] Total 11050 files processed
[INFO]-[2025/02/26 06:20:57] Total 11100 files processed
[INFO]-[2025/02/26 06:20:57] Total 11150 files processed
[INFO]-[2025/02/26 06:20:58] Total 11200 files processed
[INFO]-[2025/02/26 06:20:58] Total 11250 files processed
[INFO]-[2025/02/26 06:20:58] Total 11300 files processed
[INFO]-[2025/02/26 06:20:59] Total 11350 files processed
[INFO]-[2025/02/26 06:20:59] Total 11400 files processed
[INFO]-[2025/02/26 06:20:59] Total 11450 files processed
[INFO]-[2025/02/26 06:20:59] Total 11500 files processed
[INFO]-[2025/02/26 06:21:00] Total 11550 files processed
[INFO]-[2025/02/26 06:21:00] Total 11600 files processed
[INFO]-[2025/02/26 06:21:01] Total 11650 files processed
[INFO]-[2025/02/26 06:21:01] Total 11700 files processed
[INFO]-[2025/02/26 06:21:01] Total 11750 files processed
[INFO]-[2025/02/26 06:21:01] Total 11800 files processed
[INFO]-[2025/02/26 06:21:02] Total 11850 files processed
[INFO]-[2025/02/26 06:21:02] Total 11900 files processed
[INFO]-[2025/02/26 06:21:02] Total 11950 files processed
[INFO]-[2025/02/26 06:21:03] Total 12000 files processed
[INFO]-[2025/02/26 06:21:03] Total 12050 files processed
[INFO]-[2025/02/26 06:21:03] Total 12100 files processed
[INFO]-[2025/02/26 06:21:04] Total 12150 files processed
[INFO]-[2025/02/26 06:21:04] Total 12200 files processed
[INFO]-[2025/02/26 06:21:04] Total 12250 files processed
[INFO]-[2025/02/26 06:21:05] Total 12300 files processed
[INFO]-[2025/02/26 06:21:05] Total 12350 files processed
[INFO]-[2025/02/26 06:21:05] Total 12400 files processed
[INFO]-[2025/02/26 06:21:06] Total 12450 files processed
[INFO]-[2025/02/26 06:21:06] Total 12500 files processed
[INFO]-[2025/02/26 06:21:06] Total 12550 files processed
[INFO]-[2025/02/26 06:21:06] Total 12600 files processed
[INFO]-[2025/02/26 06:21:07] Total 12650 files processed
[INFO]-[2025/02/26 06:21:07] Total 12700 files processed
[INFO]-[2025/02/26 06:21:07] Total 12750 files processed
[INFO]-[2025/02/26 06:21:08] Total 12800 files processed
[INFO]-[2025/02/26 06:21:08] Total 12850 files processed
[INFO]-[2025/02/26 06:21:08] Total 12900 files processed
[INFO]-[2025/02/26 06:21:09] Total 12950 files processed
[INFO]-[2025/02/26 06:21:09] Total 13000 files processed
[INFO]-[2025/02/26 06:21:09] Total 13050 files processed
[INFO]-[2025/02/26 06:21:10] Skipped symlinking WP Uploads Folder
[INFO]-[2025/02/26 06:21:10] Copying files finished
[INFO]-[2025/02/26 06:21:10] DB Data Step 0: Copy wp-config.php file
[INFO]-[2025/02/26 06:21:10] DB Data Step 0: Skipping: wp-config.php already exists in /Applications/MAMP/htdocs/wordpress/excelsior/wp-config.php
[INFO]-[2025/02/26 06:21:11] DB Data Step 1: Updating siteurl and homeurl in wpstg0_options to http://localhost:8888/wordpress/excelsior
[INFO]-[2025/02/26 06:21:11] DB Data Step 3: Updating db prefix in wpstg0_usermeta.
[INFO]-[2025/02/26 06:21:12] DB Data Step 4: Updating table_prefix in /Applications/MAMP/htdocs/wordpress/excelsior/wp-config.php to wpstg0_
[INFO]-[2025/02/26 06:21:12] DB Data Step 5: WP installation is not in a subdirectory! Skipping this step
[INFO]-[2025/02/26 06:21:12] DB Data Step 6: Updating db prefix in wpstg0_options.
[INFO]-[2025/02/26 06:21:12] DB Data Step 7: Updating constants in wp-config.php
[INFO]-[2025/02/26 06:21:12] DB Data Step 7: Added constant: WP_LANG_DIR
[INFO]-[2025/02/26 06:21:12] DB Data Step 7: Added constant: WP_HOME
[INFO]-[2025/02/26 06:21:12] DB Data Step 7: Added constant: WP_SITEURL
[INFO]-[2025/02/26 06:21:12] DB Data Step 7: Added constant: WP_CACHE
[INFO]-[2025/02/26 06:21:12] DB Data Step 7: Added constant: DISABLE_WP_CRON
[INFO]-[2025/02/26 06:21:12] DB Data Step 7: Added constant: WP_ENVIRONMENT_TYPE
[INFO]-[2025/02/26 06:21:12] DB Data Step 7: Added constant: WP_DEVELOPMENT_MODE
[INFO]-[2025/02/26 06:21:12] DB Data Step 7: Added constant: WPSTAGING_DEV_SITE
[INFO]-[2025/02/26 06:21:12] DB Data Step 7: Added constant: UPLOADS
[INFO]-[2025/02/26 06:21:12] DB Data Step 7: Added constant: WP_PLUGIN_DIR
[INFO]-[2025/02/26 06:21:12] DB Data Step 7: Added constant: WP_PLUGIN_URL
[INFO]-[2025/02/26 06:21:12] DB Data Step 7: Skipping: WP_ALLOW_MULTISITE not defined in wp-config.php.
[INFO]-[2025/02/26 06:21:12] DB Data Step 7: Skipping: MULTISITE not defined in wp-config.php.
[INFO]-[2025/02/26 06:21:13] Finish: Deleting clone job's cache files...
[INFO]-[2025/02/26 06:21:13] Finish: Clone job's cache files have been deleted!
[INFO]-[2025/02/26 06:21:13] Finish: Verifying existing clones...
[INFO]-[2025/02/26 06:21:13] Finish: The job finished!
[info]-[2025/02/26 06:21:13] ################## FINISH ##################
